********************Latency time series, T blocks ********************
Generalized least squares fit by REML
  Model: Lat ~ Group * Trial 
  Data: DataT 
       AIC      BIC   logLik
  30440.59 30482.59 -15213.3

Correlation Structure: ARMA(1,1)
 Formula: ~1 | Subject 
 Parameter estimate(s):
      Phi1     Theta1 
 0.9874769 -0.8680611 

Coefficients:
                Value Std.Error  t-value p-value
(Intercept) 315.26673  9.922755 31.77210  0.0000
Group        54.23807 14.049473  3.86051  0.0001
Trial        -0.20084  0.103328 -1.94372  0.0520
Group:Trial  -0.17669  0.146056 -1.20976  0.2265

 Correlation: 
            (Intr) Group  Trial 
Group       -0.706              
Trial       -0.670  0.473       
Group:Trial  0.474 -0.671 -0.707

Standardized residuals:
       Min         Q1        Med         Q3        Max 
-3.1274931 -0.7870077 -0.1771158  0.4315697  6.5447702 

Residual standard error: 49.79132 
Degrees of freedom: 2981 total; 2977 residual



********************Latency time series, ARMA fits ********************


AIC:
[1] "60825.722  60515.250  60368.742  60301.506  60256.300  60203.614"
[1] "60350.122  59904.161  59931.200  59944.347  59973.655  60039.841"
[1] "60182.444  59928.421  59936.033  59948.152  59965.840  59990.931"
[1] "60111.426  59956.747  59940.863  59961.869  59949.204  59978.381"
[1] "60070.257  59975.451  59970.336  59967.144  59934.550  59959.936"
[1] "60039.446  60011.111  60002.872  59972.405  59943.419  59960.424"
[1] "    ARMA(1,1)"

BIC:
[1] "60825.722  60583.699  60505.640  60506.852  60530.095  60545.858"
[1] "60418.571  60041.059  60136.546  60218.142  60315.899  60450.533"
[1] "60319.341  60133.767  60209.828  60290.396  60376.532  60470.072"
[1] "60316.772  60230.542  60283.107  60372.562  60428.345  60525.970"
[1] "60344.052  60317.695  60381.028  60446.285  60482.140  60575.975"
[1] "60381.689  60421.803  60482.013  60519.994  60559.458  60644.912"
[1] "    ARMA(1,1)"
